validate	Run Python tests (PR / non-main push ÔÇö no coverage)	´╗┐2026-05-18T23:30:51.5115074Z ##[group]Run python -m pytest -q --maxfail=1 -n auto --dist=worksteal
validate	Run Python tests (PR / non-main push ÔÇö no coverage)	2026-05-18T23:30:51.5115419Z ^[[36;1mpython -m pytest -q --maxfail=1 -n auto --dist=worksteal^[[0m
validate	Run Python tests (PR / non-main push ÔÇö no coverage)	2026-05-18T23:30:51.5130822Z shell: C:\Program Files\Git\bin\bash.EXE --noprofile --norc -e -o pipefail {0}
validate	Run Python tests (PR / non-main push ÔÇö no coverage)	2026-05-18T23:30:51.5130988Z env:
validate	Run Python tests (PR / non-main push ÔÇö no coverage)	2026-05-18T23:30:51.5131067Z   PYTHONUNBUFFERED: 1
validate	Run Python tests (PR / non-main push ÔÇö no coverage)	2026-05-18T23:30:51.5131215Z   PYTHONPATH: C:\Users\preus\actions-runner-2\_work\skipp-algo\skipp-algo
validate	Run Python tests (PR / non-main push ÔÇö no coverage)	2026-05-18T23:30:51.5131373Z   FORCE_JAVASCRIPT_ACTIONS_TO_NODE24: true
validate	Run Python tests (PR / non-main push ÔÇö no coverage)	2026-05-18T23:30:51.5131529Z   UV_TOOL_BIN_DIR: C:\Users\preus\actions-runner-2\_work\_temp\uv-tool-bin-dir
validate	Run Python tests (PR / non-main push ÔÇö no coverage)	2026-05-18T23:30:51.5132449Z   UV_TOOL_DIR: C:\Users\preus\actions-runner-2\_work\_temp\uv-tool-dir
validate	Run Python tests (PR / non-main push ÔÇö no coverage)	2026-05-18T23:30:51.5132656Z   UV_CACHE_DIR: C:\Users\preus\actions-runner-2\_work\_temp\setup-uv-cache
validate	Run Python tests (PR / non-main push ÔÇö no coverage)	2026-05-18T23:30:51.5132806Z   SMC_PYTHON_BIN: python
validate	Run Python tests (PR / non-main push ÔÇö no coverage)	2026-05-18T23:30:51.5132949Z   VIRTUAL_ENV: C:\Users\preus\actions-runner-2\_work\skipp-algo\skipp-algo/.venv
validate	Run Python tests (PR / non-main push ÔÇö no coverage)	2026-05-18T23:30:51.5133129Z ##[endgroup]
validate	Run Python tests (PR / non-main push ÔÇö no coverage)	2026-05-18T23:30:52.7071063Z bringing up nodes...
validate	Run Python tests (PR / non-main push ÔÇö no coverage)	2026-05-18T23:31:23.9539152Z bringing up nodes...
validate	Run Python tests (PR / non-main push ÔÇö no coverage)	2026-05-18T23:31:23.9539335Z 
validate	Run Python tests (PR / non-main push ÔÇö no coverage)	2026-05-18T23:31:23.9916248Z ........................................................................ [  0%]
validate	Run Python tests (PR / non-main push ÔÇö no coverage)	2026-05-18T23:31:24.0169155Z ........................................................................ [  0%]
validate	Run Python tests (PR / non-main push ÔÇö no coverage)	2026-05-18T23:31:24.0555386Z ..................................................................s....s [  1%]
validate	Run Python tests (PR / non-main push ÔÇö no coverage)	2026-05-18T23:31:24.0920687Z ........................................................................ [  1%]
validate	Run Python tests (PR / non-main push ÔÇö no coverage)	2026-05-18T23:31:24.1601356Z ........................................................................ [  2%]
validate	Run Python tests (PR / non-main push ÔÇö no coverage)	2026-05-18T23:31:24.2440350Z ........................................................................ [  2%]
validate	Run Python tests (PR / non-main push ÔÇö no coverage)	2026-05-18T23:31:24.5521064Z ........................................................................ [  3%]
validate	Run Python tests (PR / non-main push ÔÇö no coverage)	2026-05-18T23:31:24.9216076Z ........................................................................ [  3%]
validate	Run Python tests (PR / non-main push ÔÇö no coverage)	2026-05-18T23:31:25.5722556Z ........................................................................ [  4%]
validate	Run Python tests (PR / non-main push ÔÇö no coverage)	2026-05-18T23:31:26.0911384Z ........................................................................ [  4%]
validate	Run Python tests (PR / non-main push ÔÇö no coverage)	2026-05-18T23:31:26.2414457Z ........................................................................ [  5%]
validate	Run Python tests (PR / non-main push ÔÇö no coverage)	2026-05-18T23:31:26.9920292Z ........................................................................ [  5%]
validate	Run Python tests (PR / non-main push ÔÇö no coverage)	2026-05-18T23:31:27.3262603Z ........................................................................ [  5%]
validate	Run Python tests (PR / non-main push ÔÇö no coverage)	2026-05-18T23:31:28.8824489Z ........................................................................ [  6%]
validate	Run Python tests (PR / non-main push ÔÇö no coverage)	2026-05-18T23:31:29.5072998Z ........................................................................ [  6%]
validate	Run Python tests (PR / non-main push ÔÇö no coverage)	2026-05-18T23:31:30.5661975Z ........................................................................ [  7%]
validate	Run Python tests (PR / non-main push ÔÇö no coverage)	2026-05-18T23:31:32.3065213Z ........................................................................ [  7%]
validate	Run Python tests (PR / non-main push ÔÇö no coverage)	2026-05-18T23:31:34.4313253Z ........................................................................ [  8%]
validate	Run Python tests (PR / non-main push ÔÇö no coverage)	2026-05-18T23:31:36.2835179Z ......................................s.s............................... [  8%]
validate	Run Python tests (PR / non-main push ÔÇö no coverage)	2026-05-18T23:31:37.1050477Z .........................................s.............................. [  9%]
validate	Run Python tests (PR / non-main push ÔÇö no coverage)	2026-05-18T23:31:37.9572087Z ...............s........................................................ [  9%]
validate	Run Python tests (PR / non-main push ÔÇö no coverage)	2026-05-18T23:31:40.4205615Z ........................................................................ [ 10%]
validate	Run Python tests (PR / non-main push ÔÇö no coverage)	2026-05-18T23:31:41.8180878Z .............................................ss......................... [ 10%]
validate	Run Python tests (PR / non-main push ÔÇö no coverage)	2026-05-18T23:31:43.0273907Z ........................................................................ [ 10%]
validate	Run Python tests (PR / non-main push ÔÇö no coverage)	2026-05-18T23:31:44.5122886Z .....................................................s.................. [ 11%]
validate	Run Python tests (PR / non-main push ÔÇö no coverage)	2026-05-18T23:31:46.1150250Z ........................................................................ [ 11%]
validate	Run Python tests (PR / non-main push ÔÇö no coverage)	2026-05-18T23:31:46.1748983Z ........................................................................ [ 12%]
validate	Run Python tests (PR / non-main push ÔÇö no coverage)	2026-05-18T23:31:46.2334983Z ........................................................................ [ 12%]
validate	Run Python tests (PR / non-main push ÔÇö no coverage)	2026-05-18T23:31:46.2743679Z ........................................................................ [ 13%]
validate	Run Python tests (PR / non-main push ÔÇö no coverage)	2026-05-18T23:31:46.3479698Z ........................................................................ [ 13%]
validate	Run Python tests (PR / non-main push ÔÇö no coverage)	2026-05-18T23:31:46.4787799Z ........................................................................ [ 14%]
validate	Run Python tests (PR / non-main push ÔÇö no coverage)	2026-05-18T23:31:46.8623859Z ........................................................................ [ 14%]
validate	Run Python tests (PR / non-main push ÔÇö no coverage)	2026-05-18T23:31:47.2397468Z ........................................................................ [ 15%]
validate	Run Python tests (PR / non-main push ÔÇö no coverage)	2026-05-18T23:31:47.8636834Z ........................................................................ [ 15%]
validate	Run Python tests (PR / non-main push ÔÇö no coverage)	2026-05-18T23:31:49.7923936Z ..............................s......................................... [ 16%]
validate	Run Python tests (PR / non-main push ÔÇö no coverage)	2026-05-18T23:31:52.1272873Z ........................................................................ [ 16%]
validate	Run Python tests (PR / non-main push ÔÇö no coverage)	2026-05-18T23:31:53.1437715Z ........................................................................ [ 16%]
validate	Run Python tests (PR / non-main push ÔÇö no coverage)	2026-05-18T23:31:54.1133468Z ........................................................................ [ 17%]
validate	Run Python tests (PR / non-main push ÔÇö no coverage)	2026-05-18T23:31:56.0771499Z ........................................................................ [ 17%]
validate	Run Python tests (PR / non-main push ÔÇö no coverage)	2026-05-18T23:31:57.9524185Z ........................................................................ [ 18%]
validate	Run Python tests (PR / non-main push ÔÇö no coverage)	2026-05-18T23:31:59.4284443Z ........................................................................ [ 18%]
validate	Run Python tests (PR / non-main push ÔÇö no coverage)	2026-05-18T23:32:00.7702580Z ........................................................................ [ 19%]
validate	Run Python tests (PR / non-main push ÔÇö no coverage)	2026-05-18T23:32:00.8211706Z ............uu.......................................................... [ 19%]
validate	Run Python tests (PR / non-main push ÔÇö no coverage)	2026-05-18T23:32:03.1304452Z ........................................................................ [ 20%]
validate	Run Python tests (PR / non-main push ÔÇö no coverage)	2026-05-18T23:32:05.9366419Z ........................................................................ [ 20%]
validate	Run Python tests (PR / non-main push ÔÇö no coverage)	2026-05-18T23:32:08.8921439Z ........................................................................ [ 21%]
validate	Run Python tests (PR / non-main push ÔÇö no coverage)	2026-05-18T23:32:11.2901914Z ........................................................s............... [ 21%]
validate	Run Python tests (PR / non-main push ÔÇö no coverage)	2026-05-18T23:32:14.1771321Z ........................................................................ [ 21%]
validate	Run Python tests (PR / non-main push ÔÇö no coverage)	2026-05-18T23:32:15.6626126Z ........................................................................ [ 22%]
validate	Run Python tests (PR / non-main push ÔÇö no coverage)	2026-05-18T23:32:18.0689573Z ........................................................................ [ 22%]
validate	Run Python tests (PR / non-main push ÔÇö no coverage)	2026-05-18T23:32:21.6651664Z ........................................................................ [ 23%]
validate	Run Python tests (PR / non-main push ÔÇö no coverage)	2026-05-18T23:32:22.7093895Z ........................................................................ [ 23%]
validate	Run Python tests (PR / non-main push ÔÇö no coverage)	2026-05-18T23:32:25.0915470Z ........................................................................ [ 24%]
validate	Run Python tests (PR / non-main push ÔÇö no coverage)	2026-05-18T23:32:25.1362385Z ........................................................................ [ 24%]
validate	Run Python tests (PR / non-main push ÔÇö no coverage)	2026-05-18T23:32:26.4931018Z ........................................................................ [ 25%]
validate	Run Python tests (PR / non-main push ÔÇö no coverage)	2026-05-18T23:32:28.3410508Z ........................................................................ [ 25%]
validate	Run Python tests (PR / non-main push ÔÇö no coverage)	2026-05-18T23:32:28.5352851Z ........................................................................ [ 26%]
validate	Run Python tests (PR / non-main push ÔÇö no coverage)	2026-05-18T23:32:29.5793406Z ........................................................................ [ 26%]
validate	Run Python tests (PR / non-main push ÔÇö no coverage)	2026-05-18T23:32:29.8518550Z .......................................sssssssssssssssssssssssssssssssss [ 26%]
validate	Run Python tests (PR / non-main push ÔÇö no coverage)	2026-05-18T23:32:30.1548651Z ssssss.................................................................. [ 27%]
validate	Run Python tests (PR / non-main push ÔÇö no coverage)	2026-05-18T23:32:30.2165445Z ........................................................................ [ 27%]
validate	Run Python tests (PR / non-main push ÔÇö no coverage)	2026-05-18T23:32:30.4070665Z ........................................................................ [ 28%]
validate	Run Python tests (PR / non-main push ÔÇö no coverage)	2026-05-18T23:32:30.4654985Z ........................................................................ [ 28%]
validate	Run Python tests (PR / non-main push ÔÇö no coverage)	2026-05-18T23:32:30.5531885Z ........................................................................ [ 29%]
validate	Run Python tests (PR / non-main push ÔÇö no coverage)	2026-05-18T23:32:31.5589108Z ........................................................................ [ 29%]
validate	Run Python tests (PR / non-main push ÔÇö no coverage)	2026-05-18T23:32:31.5979846Z ........................................................................ [ 30%]
validate	Run Python tests (PR / non-main push ÔÇö no coverage)	2026-05-18T23:32:32.2397035Z ........................................................................ [ 30%]
validate	Run Python tests (PR / non-main push ÔÇö no coverage)	2026-05-18T23:32:34.7093035Z ...................s.................................................... [ 31%]
validate	Run Python tests (PR / non-main push ÔÇö no coverage)	2026-05-18T23:32:38.0597970Z ........................................................................ [ 31%]
validate	Run Python tests (PR / non-main push ÔÇö no coverage)	2026-05-18T23:32:40.4452351Z ........................................................................ [ 31%]
validate	Run Python tests (PR / non-main push ÔÇö no coverage)	2026-05-18T23:32:44.7379507Z ........................................................................ [ 32%]
validate	Run Python tests (PR / non-main push ÔÇö no coverage)	2026-05-18T23:32:48.3151746Z ........................................................................ [ 32%]
validate	Run Python tests (PR / non-main push ÔÇö no coverage)	2026-05-18T23:32:49.2156749Z ...............................................................s........ [ 33%]
validate	Run Python tests (PR / non-main push ÔÇö no coverage)	2026-05-18T23:32:49.7621550Z ........................................................................ [ 33%]
validate	Run Python tests (PR / non-main push ÔÇö no coverage)	2026-05-18T23:32:51.3542049Z ........................................................................ [ 34%]
validate	Run Python tests (PR / non-main push ÔÇö no coverage)	2026-05-18T23:32:51.5668071Z ........................................................................ [ 34%]
validate	Run Python tests (PR / non-main push ÔÇö no coverage)	2026-05-18T23:32:51.8814937Z ........................................................................ [ 35%]
validate	Run Python tests (PR / non-main push ÔÇö no coverage)	2026-05-18T23:32:52.1346761Z ........................................................................ [ 35%]
validate	Run Python tests (PR / non-main push ÔÇö no coverage)	2026-05-18T23:32:53.1151531Z ......................................................s................. [ 36%]
validate	Run Python tests (PR / non-main push ÔÇö no coverage)	2026-05-18T23:32:53.1847397Z ........................................................................ [ 36%]
validate	Run Python tests (PR / non-main push ÔÇö no coverage)	2026-05-18T23:32:53.2722949Z ........................................................................ [ 37%]
validate	Run Python tests (PR / non-main push ÔÇö no coverage)	2026-05-18T23:32:53.3487075Z ........................................................................ [ 37%]
validate	Run Python tests (PR / non-main push ÔÇö no coverage)	2026-05-18T23:32:54.9977407Z ........................................................................ [ 37%]
validate	Run Python tests (PR / non-main push ÔÇö no coverage)	2026-05-18T23:32:58.0753829Z ........................................................................ [ 38%]
validate	Run Python tests (PR / non-main push ÔÇö no coverage)	2026-05-18T23:32:59.0404414Z ........................................................................ [ 38%]
validate	Run Python tests (PR / non-main push ÔÇö no coverage)	2026-05-18T23:33:01.2955050Z ..............................................................ssssssssss [ 39%]
validate	Run Python tests (PR / non-main push ÔÇö no coverage)	2026-05-18T23:33:01.4459970Z ssss.................................................................... [ 39%]
validate	Run Python tests (PR / non-main push ÔÇö no coverage)	2026-05-18T23:33:05.1188867Z ........................................................................ [ 40%]
validate	Run Python tests (PR / non-main push ÔÇö no coverage)	2026-05-18T23:33:08.2119563Z ........................................................................ [ 40%]
validate	Run Python tests (PR / non-main push ÔÇö no coverage)	2026-05-18T23:33:10.1517946Z ........................................................................ [ 41%]
validate	Run Python tests (PR / non-main push ÔÇö no coverage)	2026-05-18T23:33:10.2551490Z ........................................................................ [ 41%]
validate	Run Python tests (PR / non-main push ÔÇö no coverage)	2026-05-18T23:33:10.5779535Z ........................................................................ [ 42%]
validate	Run Python tests (PR / non-main push ÔÇö no coverage)	2026-05-18T23:33:11.0378401Z ........................................................................ [ 42%]
validate	Run Python tests (PR / non-main push ÔÇö no coverage)	2026-05-18T23:33:11.6472563Z ........................................................................ [ 42%]
validate	Run Python tests (PR / non-main push ÔÇö no coverage)	2026-05-18T23:33:11.9379128Z ........................................................................ [ 43%]
validate	Run Python tests (PR / non-main push ÔÇö no coverage)	2026-05-18T23:33:12.1400895Z ........................................................................ [ 43%]
validate	Run Python tests (PR / non-main push ÔÇö no coverage)	2026-05-18T23:33:12.4295185Z ........................................................................ [ 44%]
validate	Run Python tests (PR / non-main push ÔÇö no coverage)	2026-05-18T23:33:12.4769342Z ........................................................................ [ 44%]
validate	Run Python tests (PR / non-main push ÔÇö no coverage)	2026-05-18T23:33:12.6942783Z ........................................................................ [ 45%]
validate	Run Python tests (PR / non-main push ÔÇö no coverage)	2026-05-18T23:33:14.6762164Z ........................................................................ [ 45%]
validate	Run Python tests (PR / non-main push ÔÇö no coverage)	2026-05-18T23:33:15.8180117Z .........................................s.............................. [ 46%]
validate	Run Python tests (PR / non-main push ÔÇö no coverage)	2026-05-18T23:33:17.8442699Z ........................................................................ [ 46%]
validate	Run Python tests (PR / non-main push ÔÇö no coverage)	2026-05-18T23:33:19.5793353Z ........................................................................ [ 47%]
validate	Run Python tests (PR / non-main push ÔÇö no coverage)	2026-05-18T23:33:20.8488766Z ........................................................................ [ 47%]
validate	Run Python tests (PR / non-main push ÔÇö no coverage)	2026-05-18T23:33:23.3219897Z ........................................................................ [ 48%]
validate	Run Python tests (PR / non-main push ÔÇö no coverage)	2026-05-18T23:33:25.4918523Z ........................................................................ [ 48%]
validate	Run Python tests (PR / non-main push ÔÇö no coverage)	2026-05-18T23:33:25.6569144Z ........................................................................ [ 48%]
validate	Run Python tests (PR / non-main push ÔÇö no coverage)	2026-05-18T23:33:28.8117406Z ........................................................................ [ 49%]
validate	Run Python tests (PR / non-main push ÔÇö no coverage)	2026-05-18T23:33:30.3572696Z ........................................................................ [ 49%]
validate	Run Python tests (PR / non-main push ÔÇö no coverage)	2026-05-18T23:33:30.4727124Z ........................................................................ [ 50%]
validate	Run Python tests (PR / non-main push ÔÇö no coverage)	2026-05-18T23:33:30.9525886Z ........................................................................ [ 50%]
validate	Run Python tests (PR / non-main push ÔÇö no coverage)	2026-05-18T23:33:31.1723641Z ........................................................................ [ 51%]
validate	Run Python tests (PR / non-main push ÔÇö no coverage)	2026-05-18T23:33:31.3072453Z ........................................................................ [ 51%]
validate	Run Python tests (PR / non-main push ÔÇö no coverage)	2026-05-18T23:33:31.4100366Z ........................................................................ [ 52%]
validate	Run Python tests (PR / non-main push ÔÇö no coverage)	2026-05-18T23:33:33.1246203Z ........................................................................ [ 52%]
validate	Run Python tests (PR / non-main push ÔÇö no coverage)	2026-05-18T23:33:33.2653716Z ........................................................................ [ 53%]
validate	Run Python tests (PR / non-main push ÔÇö no coverage)	2026-05-18T23:33:34.4248999Z ........................................................................ [ 53%]
validate	Run Python tests (PR / non-main push ÔÇö no coverage)	2026-05-18T23:33:35.0041579Z ........................................................................ [ 53%]
validate	Run Python tests (PR / non-main push ÔÇö no coverage)	2026-05-18T23:33:35.8392384Z ..................................uuuuuuuuuuuu...........uu............. [ 54%]
validate	Run Python tests (PR / non-main push ÔÇö no coverage)	2026-05-18T23:33:36.1588360Z ........................................................................ [ 54%]
validate	Run Python tests (PR / non-main push ÔÇö no coverage)	2026-05-18T23:33:36.2119203Z ........................................................................ [ 55%]
validate	Run Python tests (PR / non-main push ÔÇö no coverage)	2026-05-18T23:33:36.4686548Z ........................................................................ [ 55%]
validate	Run Python tests (PR / non-main push ÔÇö no coverage)	2026-05-18T23:33:36.5549390Z ........................................................................ [ 56%]
validate	Run Python tests (PR / non-main push ÔÇö no coverage)	2026-05-18T23:33:36.6498635Z ........................................................................ [ 56%]
validate	Run Python tests (PR / non-main push ÔÇö no coverage)	2026-05-18T23:33:37.3699817Z ........................................................................ [ 57%]
validate	Run Python tests (PR / non-main push ÔÇö no coverage)	2026-05-18T23:33:39.3070639Z ........................................................................ [ 57%]
validate	Run Python tests (PR / non-main push ÔÇö no coverage)	2026-05-18T23:33:40.4714764Z ........................................................................ [ 57%]
validate	Run Python tests (PR / non-main push ÔÇö no coverage)	2026-05-18T23:33:41.5422141Z ........................................................................ [ 58%]
validate	Run Python tests (PR / non-main push ÔÇö no coverage)	2026-05-18T23:33:42.9648893Z ........................................................................ [ 58%]
validate	Run Python tests (PR / non-main push ÔÇö no coverage)	2026-05-18T23:33:44.8861411Z ........................................................................ [ 59%]
validate	Run Python tests (PR / non-main push ÔÇö no coverage)	2026-05-18T23:33:49.1890148Z ........................................................................ [ 59%]
validate	Run Python tests (PR / non-main push ÔÇö no coverage)	2026-05-18T23:33:52.6901324Z ........................................................................ [ 60%]
validate	Run Python tests (PR / non-main push ÔÇö no coverage)	2026-05-18T23:33:53.0667399Z ........................................................................ [ 60%]
validate	Run Python tests (PR / non-main push ÔÇö no coverage)	2026-05-18T23:33:53.6744874Z ........................................................................ [ 61%]
validate	Run Python tests (PR / non-main push ÔÇö no coverage)	2026-05-18T23:33:53.7240816Z ........................................................................ [ 61%]
validate	Run Python tests (PR / non-main push ÔÇö no coverage)	2026-05-18T23:33:55.1763490Z ........................................................................ [ 62%]
validate	Run Python tests (PR / non-main push ÔÇö no coverage)	2026-05-18T23:33:55.5077988Z ........................................................................ [ 62%]
validate	Run Python tests (PR / non-main push ÔÇö no coverage)	2026-05-18T23:33:57.5603915Z ........................................................................ [ 63%]
validate	Run Python tests (PR / non-main push ÔÇö no coverage)	2026-05-18T23:33:59.7737993Z ........................................................................ [ 63%]
validate	Run Python tests (PR / non-main push ÔÇö no coverage)	2026-05-18T23:34:02.2593759Z ........................................................................ [ 63%]
validate	Run Python tests (PR / non-main push ÔÇö no coverage)	2026-05-18T23:34:04.5366364Z ........................................................................ [ 64%]
validate	Run Python tests (PR / non-main push ÔÇö no coverage)	2026-05-18T23:34:05.3299238Z ........................................................................ [ 64%]
validate	Run Python tests (PR / non-main push ÔÇö no coverage)	2026-05-18T23:34:05.4082875Z ........................................................................ [ 65%]
validate	Run Python tests (PR / non-main push ÔÇö no coverage)	2026-05-18T23:34:05.9319270Z ........................................................................ [ 65%]
validate	Run Python tests (PR / non-main push ÔÇö no coverage)	2026-05-18T23:34:05.9918603Z ........................................................................ [ 66%]
validate	Run Python tests (PR / non-main push ÔÇö no coverage)	2026-05-18T23:34:06.1694028Z ........................................................................ [ 66%]
validate	Run Python tests (PR / non-main push ÔÇö no coverage)	2026-05-18T23:34:06.2511869Z ........................................................................ [ 67%]
validate	Run Python tests (PR / non-main push ÔÇö no coverage)	2026-05-18T23:34:06.3988715Z ........................................................................ [ 67%]
validate	Run Python tests (PR / non-main push ÔÇö no coverage)	2026-05-18T23:34:06.6636956Z ........................................................................ [ 68%]
validate	Run Python tests (PR / non-main push ÔÇö no coverage)	2026-05-18T23:34:06.8404645Z ........................................................................ [ 68%]
validate	Run Python tests (PR / non-main push ÔÇö no coverage)	2026-05-18T23:34:06.9883599Z ........................................................................ [ 68%]
validate	Run Python tests (PR / non-main push ÔÇö no coverage)	2026-05-18T23:34:09.9562390Z ........................................................................ [ 69%]
validate	Run Python tests (PR / non-main push ÔÇö no coverage)	2026-05-18T23:34:10.0214493Z ........................................................................ [ 69%]
validate	Run Python tests (PR / non-main push ÔÇö no coverage)	2026-05-18T23:34:10.0888217Z ........................................................................ [ 70%]
validate	Run Python tests (PR / non-main push ÔÇö no coverage)	2026-05-18T23:34:10.1702852Z ........................................................................ [ 70%]
validate	Run Python tests (PR / non-main push ÔÇö no coverage)	2026-05-18T23:34:11.0623663Z ..................................................................F..... [ 71%]
validate	Run Python tests (PR / non-main push ÔÇö no coverage)	2026-05-18T23:34:11.2845949Z ........................................................................ [ 71%]
validate	Run Python tests (PR / non-main push ÔÇö no coverage)	2026-05-18T23:34:11.4982860Z ........................................................................ [ 72%]
validate	Run Python tests (PR / non-main push ÔÇö no coverage)	2026-05-18T23:34:25.7608673Z ........................................................................ [ 72%]
validate	Run Python tests (PR / non-main push ÔÇö no coverage)	2026-05-18T23:34:27.2446902Z ........................................................................ [ 73%]
validate	Run Python tests (PR / non-main push ÔÇö no coverage)	2026-05-18T23:34:27.3764656Z ........................................................................ [ 73%]
validate	Run Python tests (PR / non-main push ÔÇö no coverage)	2026-05-18T23:34:28.0162954Z .............................ssss....................................... [ 73%]
validate	Run Python tests (PR / non-main push ÔÇö no coverage)	2026-05-18T23:34:28.0923034Z ........................................................................ [ 74%]
validate	Run Python tests (PR / non-main push ÔÇö no coverage)	2026-05-18T23:34:28.2928295Z ........................................................................ [ 74%]
validate	Run Python tests (PR / non-main push ÔÇö no coverage)	2026-05-18T23:34:28.4497924Z ........................................................................ [ 75%]
validate	Run Python tests (PR / non-main push ÔÇö no coverage)	2026-05-18T23:34:30.0298513Z ........................................................................ [ 75%]
validate	Run Python tests (PR / non-main push ÔÇö no coverage)	2026-05-18T23:34:30.1223093Z ........................................................................ [ 76%]
validate	Run Python tests (PR / non-main push ÔÇö no coverage)	2026-05-18T23:34:30.2121622Z ........................................................................ [ 76%]
validate	Run Python tests (PR / non-main push ÔÇö no coverage)	2026-05-18T23:34:30.4886628Z ........................................................................ [ 77%]
validate	Run Python tests (PR / non-main push ÔÇö no coverage)	2026-05-18T23:34:30.6289408Z ........................................................................ [ 77%]
validate	Run Python tests (PR / non-main push ÔÇö no coverage)	2026-05-18T23:34:30.7083487Z ........................................................................ [ 78%]
validate	Run Python tests (PR / non-main push ÔÇö no coverage)	2026-05-18T23:34:31.1396515Z ........................................................................ [ 78%]
validate	Run Python tests (PR / non-main push ÔÇö no coverage)	2026-05-18T23:34:34.2865256Z ........................................................................ [ 79%]
validate	Run Python tests (PR / non-main push ÔÇö no coverage)	2026-05-18T23:34:34.3977759Z ........................................................................ [ 79%]
validate	Run Python tests (PR / non-main push ÔÇö no coverage)	2026-05-18T23:34:43.6736040Z ........................................................................ [ 79%]
validate	Run Python tests (PR / non-main push ÔÇö no coverage)	2026-05-18T23:34:43.7513467Z ........................................................................ [ 80%]
validate	Run Python tests (PR / non-main push ÔÇö no coverage)	2026-05-18T23:34:45.6907687Z ........................................................................ [ 80%]
validate	Run Python tests (PR / non-main push ÔÇö no coverage)	2026-05-18T23:34:51.7292045Z ........................................................................ [ 81%]
validate	Run Python tests (PR / non-main push ÔÇö no coverage)	2026-05-18T23:34:52.2119389Z ........................................................................ [ 81%]
validate	Run Python tests (PR / non-main push ÔÇö no coverage)	2026-05-18T23:34:53.0962974Z ........................................................................ [ 82%]
validate	Run Python tests (PR / non-main push ÔÇö no coverage)	2026-05-18T23:35:00.1631845Z ........................................................................ [ 82%]
validate	Run Python tests (PR / non-main push ÔÇö no coverage)	2026-05-18T23:35:16.1803775Z ........................................................................ [ 83%]
validate	Run Python tests (PR / non-main push ÔÇö no coverage)	2026-05-18T23:35:37.7625021Z ........................................................................ [ 83%]
validate	Run Python tests (PR / non-main push ÔÇö no coverage)	2026-05-18T23:35:38.5597306Z ........................................................................ [ 84%]
validate	Run Python tests (PR / non-main push ÔÇö no coverage)	2026-05-18T23:35:48.7523559Z ........................................................................ [ 84%]
validate	Run Python tests (PR / non-main push ÔÇö no coverage)	2026-05-18T23:36:16.3008086Z ........................................................................ [ 84%]
validate	Run Python tests (PR / non-main push ÔÇö no coverage)	2026-05-18T23:36:43.4536815Z ........................................................................ [ 85%]
validate	Run Python tests (PR / non-main push ÔÇö no coverage)	2026-05-18T23:36:43.9932240Z sssss..ss.ss.ss.s.s.s..ssss.sss..s.ss..ss..s.ss.ssss.s.ss.sssss..sss.... [ 85%]
validate	Run Python tests (PR / non-main push ÔÇö no coverage)	2026-05-18T23:36:44.0814392Z ........................................................................ [ 86%]
validate	Run Python tests (PR / non-main push ÔÇö no coverage)	2026-05-18T23:36:48.4589084Z ......................................................................s. [ 86%]
validate	Run Python tests (PR / non-main push ÔÇö no coverage)	2026-05-18T23:36:50.2649493Z .s...ss.s...s.....ss.....s.............................................. [ 87%]
validate	Run Python tests (PR / non-main push ÔÇö no coverage)	2026-05-18T23:36:56.2235234Z ......................................................s................. [ 87%]
validate	Run Python tests (PR / non-main push ÔÇö no coverage)	2026-05-18T23:37:00.0653682Z ........................................................................ [ 88%]
validate	Run Python tests (PR / non-main push ÔÇö no coverage)	2026-05-18T23:37:00.1428364Z ........................................................................ [ 88%]
validate	Run Python tests (PR / non-main push ÔÇö no coverage)	2026-05-18T23:37:00.2472660Z ........................................................................ [ 89%]
validate	Run Python tests (PR / non-main push ÔÇö no coverage)	2026-05-18T23:37:02.6564395Z ........................................................................ [ 89%]
validate	Run Python tests (PR / non-main push ÔÇö no coverage)	2026-05-18T23:38:55.6545913Z ........................................................................ [ 89%]
validate	Run Python tests (PR / non-main push ÔÇö no coverage)	2026-05-18T23:38:58.5224592Z ........................................................................ [ 90%]
validate	Run Python tests (PR / non-main push ÔÇö no coverage)	2026-05-18T23:38:59.5019222Z ........................................................................ [ 90%]
validate	Run Python tests (PR / non-main push ÔÇö no coverage)	2026-05-18T23:38:59.9874053Z ........................................................................ [ 91%]
validate	Run Python tests (PR / non-main push ÔÇö no coverage)	2026-05-18T23:39:01.1755104Z ........................................................................ [ 91%]
validate	Run Python tests (PR / non-main push ÔÇö no coverage)	2026-05-18T23:39:03.4196120Z ........................................................................ [ 92%]
validate	Run Python tests (PR / non-main push ÔÇö no coverage)	2026-05-18T23:39:06.1140124Z .....................................
validate	Run Python tests (PR / non-main push ÔÇö no coverage)	2026-05-18T23:39:06.1140672Z ================================== FAILURES ===================================
validate	Run Python tests (PR / non-main push ÔÇö no coverage)	2026-05-18T23:39:06.1141006Z ________________ test_no_direct_to_csv_or_json_dump_in_scripts ________________
validate	Run Python tests (PR / non-main push ÔÇö no coverage)	2026-05-18T23:39:06.1141416Z [gw1] win32 -- Python 3.12.10 C:\Users\preus\actions-runner-2\_work\skipp-algo\skipp-algo\.venv\Scripts\python.exe
validate	Run Python tests (PR / non-main push ÔÇö no coverage)	2026-05-18T23:39:06.1141646Z 
validate	Run Python tests (PR / non-main push ÔÇö no coverage)	2026-05-18T23:39:06.1141801Z     def test_no_direct_to_csv_or_json_dump_in_scripts() -> None:
validate	Run Python tests (PR / non-main push ÔÇö no coverage)	2026-05-18T23:39:06.1142011Z         violations: list[str] = []
validate	Run Python tests (PR / non-main push ÔÇö no coverage)	2026-05-18T23:39:06.1142204Z         for path in sorted(_SCRIPTS_DIR.rglob("*.py")):
validate	Run Python tests (PR / non-main push ÔÇö no coverage)	2026-05-18T23:39:06.1142427Z             violations.extend(_iter_violations(path))
validate	Run Python tests (PR / non-main push ÔÇö no coverage)	2026-05-18T23:39:06.1142606Z >       assert not violations, (
validate	Run Python tests (PR / non-main push ÔÇö no coverage)	2026-05-18T23:39:06.1142807Z             "Direct non-atomic writes detected in scripts/. Migrate to "
validate	Run Python tests (PR / non-main push ÔÇö no coverage)	2026-05-18T23:39:06.1143065Z             "scripts.smc_atomic_write helpers or annotate each site with "
validate	Run Python tests (PR / non-main push ÔÇö no coverage)	2026-05-18T23:39:06.1143293Z             "`# ATOMIC-WRITE-EXEMPT: <reason>`:\n  - "
validate	Run Python tests (PR / non-main push ÔÇö no coverage)	2026-05-18T23:39:06.1143809Z             + "\n  - ".join(violations)
validate	Run Python tests (PR / non-main push ÔÇö no coverage)	2026-05-18T23:39:06.1143953Z         )
validate	Run Python tests (PR / non-main push ÔÇö no coverage)	2026-05-18T23:39:06.1144355Z E       AssertionError: Direct non-atomic writes detected in scripts/. Migrate to scripts.smc_atomic_write helpers or annotate each site with `# ATOMIC-WRITE-EXEMPT: <reason>`:
validate	Run Python tests (PR / non-main push ÔÇö no coverage)	2026-05-18T23:39:06.1144990Z E           - scripts\profile_pytest_durations.py:128: write_text() ÔÇö use scripts.smc_atomic_write or add `# ATOMIC-WRITE-EXEMPT: <reason>` marker
validate	Run Python tests (PR / non-main push ÔÇö no coverage)	2026-05-18T23:39:06.1145557Z E       assert not ['scripts\\profile_pytest_durations.py:128: write_text() ÔÇö use scripts.smc_atomic_write or add `# ATOMIC-WRITE-EXEMPT: <reason>` marker']
validate	Run Python tests (PR / non-main push ÔÇö no coverage)	2026-05-18T23:39:06.1146036Z 
validate	Run Python tests (PR / non-main push ÔÇö no coverage)	2026-05-18T23:39:06.1146165Z tests\test_no_direct_to_csv_in_production.py:110: AssertionError
validate	Run Python tests (PR / non-main push ÔÇö no coverage)	2026-05-18T23:39:06.1287138Z ============================== warnings summary ===============================
validate	Run Python tests (PR / non-main push ÔÇö no coverage)	2026-05-18T23:39:06.1287707Z tests/test_databento_production_export_uplift_n.py::TestResolveLatestIsoTimestamp::test_all_nan_continues_to_next
validate	Run Python tests (PR / non-main push ÔÇö no coverage)	2026-05-18T23:39:06.1288560Z   C:\Users\preus\actions-runner-2\_work\skipp-algo\skipp-algo\scripts\databento_production_export.py:2562: UserWarning: Could not infer format, so each element will be parsed individually, falling back to `dateutil`. To ensure parsing is consistent and as-expected, please specify a format.
validate	Run Python tests (PR / non-main push ÔÇö no coverage)	2026-05-18T23:39:06.1289242Z     parsed = pd.to_datetime(frame[column], errors="coerce", utc=True)
validate	Run Python tests (PR / non-main push ÔÇö no coverage)	2026-05-18T23:39:06.1289382Z 
validate	Run Python tests (PR / non-main push ÔÇö no coverage)	2026-05-18T23:39:06.1289537Z -- Docs: https://docs.pytest.org/en/stable/how-to/capture-warnings.html
validate	Run Python tests (PR / non-main push ÔÇö no coverage)	2026-05-18T23:39:06.1289811Z =========================== short test summary info ===========================
validate	Run Python tests (PR / non-main push ÔÇö no coverage)	2026-05-18T23:39:06.1290505Z FAILED tests/test_no_direct_to_csv_in_production.py::test_no_direct_to_csv_or_json_dump_in_scripts - AssertionError: Direct non-atomic writes detected in scripts/. Migrate to scripts.smc_atomic_write helpers or annotate each site with `# ATOMIC-WRITE-EXEMPT: <reason>`:
validate	Run Python tests (PR / non-main push ÔÇö no coverage)	2026-05-18T23:39:06.1291256Z     - scripts\profile_pytest_durations.py:128: write_text() ÔÇö use scripts.smc_atomic_write or add `# ATOMIC-WRITE-EXEMPT: <reason>` marker
validate	Run Python tests (PR / non-main push ÔÇö no coverage)	2026-05-18T23:39:06.1291801Z assert not ['scripts\\profile_pytest_durations.py:128: write_text() ÔÇö use scripts.smc_atomic_write or add `# ATOMIC-WRITE-EXEMPT: <reason>` marker']
validate	Run Python tests (PR / non-main push ÔÇö no coverage)	2026-05-18T23:39:06.1292188Z !!!!!!!!!!!!!!!!!!!!!!!!!! stopping after 1 failures !!!!!!!!!!!!!!!!!!!!!!!!!!
validate	Run Python tests (PR / non-main push ÔÇö no coverage)	2026-05-18T23:39:06.1292436Z !!!!!!!!!!!! xdist.dsession.Interrupted: stopping after 1 failures !!!!!!!!!!!!
validate	Run Python tests (PR / non-main push ÔÇö no coverage)	2026-05-18T23:39:06.1302878Z 1 failed, 14438 passed, 127 skipped, 1 warning, 16 subtests passed in 493.42s (0:08:13)
validate	Run Python tests (PR / non-main push ÔÇö no coverage)	2026-05-18T23:39:10.7515896Z ##[error]Process completed with exit code 2.
